<?xml version="1.0" encoding="UTF-8"?>
<testsuite name="WebShopTest" tests="2" skipped="0" failures="0" errors="0" timestamp="2024-02-16T16:03:06" hostname="EASV-FHA-Q122" time="0.093">
  <properties/>
  <testcase name="testPurchaseShipping()" classname="WebShopTest" time="0.085"/>
  <testcase name="testPurchasePrice()" classname="WebShopTest" time="0.005"/>
  <system-out><![CDATA[]]></system-out>
  <system-err><![CDATA[]]></system-err>
</testsuite>
